<?xml version="1.0" encoding="UTF-8"?>
<!-- Generated by org.testng.reporters.JUnitXMLReporter -->
<testsuite hostname="TDIN544" ignored="1" name="Test" tests="3" failures="0" timestamp="16 Sep 2019 10:36:48 GMT" time="157.649" errors="0">
  <testcase name="navigation" time="24.007" classname="Frontend.Homepage"/>
  <testcase name="footer" time="60.281" classname="Frontend.Homepage"/>
  <testcase name="search" time="63.815" classname="Frontend.FirmPage"/>
  <testcase name="@BeforeTest initialize" time="0.0" classname="testBase.Testbase">
    <ignored/>
  </testcase> <!-- @BeforeTest initialize -->
</testsuite> <!-- Test -->
